current directory: /Users/chiempham/Project/self/chatwoot-custom/chatwoot/''/gems/json-2.13.2/ext/json/ext/parser
/Users/chiempham/.rbenv/versions/3.4.4/bin/ruby extconf.rb
checking for rb_enc_interned_str() in ruby/encoding.h... yes
checking for rb_hash_new_capa() in ruby.h... yes
checking for rb_hash_bulk_insert() in ruby.h... yes
checking for strnlen() in string.h... yes
checking for whether -std=c99 is accepted as CFLAGS... yes
checking for arm_neon.h... yes
checking for cpuid.h... no
creating Makefile

current directory: /Users/chiempham/Project/self/chatwoot-custom/chatwoot/''/gems/json-2.13.2/ext/json/ext/parser
make DESTDIR\= sitearchdir\=./.gem.20250928-9357-fot65 sitelibdir\=./.gem.20250928-9357-fot65 clean

current directory: /Users/chiempham/Project/self/chatwoot-custom/chatwoot/''/gems/json-2.13.2/ext/json/ext/parser
make DESTDIR\= sitearchdir\=./.gem.20250928-9357-fot65 sitelibdir\=./.gem.20250928-9357-fot65
compiling parser.c
linking shared-object json/ext/parser.bundle

current directory: /Users/chiempham/Project/self/chatwoot-custom/chatwoot/''/gems/json-2.13.2/ext/json/ext/parser
make DESTDIR\= sitearchdir\=./.gem.20250928-9357-fot65 sitelibdir\=./.gem.20250928-9357-fot65 install
/opt/homebrew/bin/ginstall -c -m 0755 parser.bundle ./.gem.20250928-9357-fot65/json/ext

current directory: /Users/chiempham/Project/self/chatwoot-custom/chatwoot/''/gems/json-2.13.2/ext/json/ext/parser
make DESTDIR\= sitearchdir\=./.gem.20250928-9357-fot65 sitelibdir\=./.gem.20250928-9357-fot65 clean
