current directory: /Users/chiempham/Project/self/chatwoot-custom/chatwoot/''/gems/unf_ext-0.0.8.2/ext/unf_ext
/Users/chiempham/.rbenv/versions/3.4.4/bin/ruby extconf.rb
checking for -lstdc++... yes
creating Makefile

current directory: /Users/chiempham/Project/self/chatwoot-custom/chatwoot/''/gems/unf_ext-0.0.8.2/ext/unf_ext
make DESTDIR\= sitearchdir\=./.gem.20250928-9357-8o1zs8 sitelibdir\=./.gem.20250928-9357-8o1zs8 clean

current directory: /Users/chiempham/Project/self/chatwoot-custom/chatwoot/''/gems/unf_ext-0.0.8.2/ext/unf_ext
make DESTDIR\= sitearchdir\=./.gem.20250928-9357-8o1zs8 sitelibdir\=./.gem.20250928-9357-8o1zs8
compiling unf.cc
unf.cc:52:5: warning: 'rb_data_object_get_warning' is deprecated: by TypedData [-Wdeprecated-declarations]
   52 |     Data_Get_Struct(self, UNF::Normalizer, ptr);
      |     ^
/Users/chiempham/.rbenv/versions/3.4.4/include/ruby-3.4.0/ruby/internal/core/rdata.h:275:34: note: expanded from macro 'Data_Get_Struct'
  275 |     ((sval) = RBIMPL_CAST((type*)rb_data_object_get(obj)))
      |                                  ^
/Users/chiempham/.rbenv/versions/3.4.4/include/ruby-3.4.0/ruby/internal/core/rdata.h:367:31: note: expanded from macro 'rb_data_object_get'
  367 | #define rb_data_object_get    RUBY_MACRO_SELECT(rb_data_object_get_2, RUBY_UNTYPED_DATA_WARNING)
      |                               ^
/Users/chiempham/.rbenv/versions/3.4.4/include/ruby-3.4.0/ruby/internal/core/rdata.h:50:35: note: expanded from macro 'RUBY_MACRO_SELECT'
   50 | #define RUBY_MACRO_SELECT(x, y)   RBIMPL_MACRO_SELECT(x, y)
      |                                   ^
/Users/chiempham/.rbenv/versions/3.4.4/include/ruby-3.4.0/ruby/internal/core/rdata.h:49:35: note: expanded from macro 'RBIMPL_MACRO_SELECT'
   49 | #define RBIMPL_MACRO_SELECT(x, y) x ## y
      |                                   ^
<scratch space>:62:1: note: expanded from here
   62 | rb_data_object_get_1
      | ^
/Users/chiempham/.rbenv/versions/3.4.4/include/ruby-3.4.0/ruby/internal/core/rdata.h:365:31: note: expanded from macro 'rb_data_object_get_1'
  365 | #define rb_data_object_get_1  rb_data_object_get_warning
      |                               ^
/Users/chiempham/.rbenv/versions/3.4.4/include/ruby-3.4.0/ruby/internal/core/rdata.h:314:1: note: 'rb_data_object_get_warning' has been explicitly marked deprecated here
  314 | RBIMPL_ATTRSET_UNTYPED_DATA_FUNC()
      | ^
/Users/chiempham/.rbenv/versions/3.4.4/include/ruby-3.4.0/ruby/internal/core/rdata.h:47:5: note: expanded from macro 'RBIMPL_ATTRSET_UNTYPED_DATA_FUNC'
   47 |     RBIMPL_ATTR_DEPRECATED(("by TypedData"))
      |     ^
/Users/chiempham/.rbenv/versions/3.4.4/include/ruby-3.4.0/ruby/internal/attr/deprecated.h:36:53: note: expanded from macro 'RBIMPL_ATTR_DEPRECATED'
   36 | # define RBIMPL_ATTR_DEPRECATED(msg) __attribute__((__deprecated__ msg))
      |                                                     ^
unf.cc:52:5: warning: call to 'rb_data_object_get_warning(unsigned long)' declared with 'warning' attribute: untyped Data is unsafe; use TypedData instead [-Wattribute-warning]
   52 |     Data_Get_Struct(self, UNF::Normalizer, ptr);
      |     ^
/Users/chiempham/.rbenv/versions/3.4.4/include/ruby-3.4.0/ruby/internal/core/rdata.h:275:34: note: expanded from macro 'Data_Get_Struct'
  275 |     ((sval) = RBIMPL_CAST((type*)rb_data_object_get(obj)))
      |                                  ^
/Users/chiempham/.rbenv/versions/3.4.4/include/ruby-3.4.0/ruby/internal/core/rdata.h:367:31: note: expanded from macro 'rb_data_object_get'
  367 | #define rb_data_object_get    RUBY_MACRO_SELECT(rb_data_object_get_2, RUBY_UNTYPED_DATA_WARNING)
      |                               ^
/Users/chiempham/.rbenv/versions/3.4.4/include/ruby-3.4.0/ruby/internal/core/rdata.h:50:35: note: expanded from macro 'RUBY_MACRO_SELECT'
   50 | #define RUBY_MACRO_SELECT(x, y)   RBIMPL_MACRO_SELECT(x, y)
      |                                   ^
/Users/chiempham/.rbenv/versions/3.4.4/include/ruby-3.4.0/ruby/internal/core/rdata.h:49:35: note: expanded from macro 'RBIMPL_MACRO_SELECT'
   49 | #define RBIMPL_MACRO_SELECT(x, y) x ## y
      |                                   ^
<scratch space>:62:1: note: expanded from here
   62 | rb_data_object_get_1
      | ^
/Users/chiempham/.rbenv/versions/3.4.4/include/ruby-3.4.0/ruby/internal/core/rdata.h:365:31: note: expanded from macro 'rb_data_object_get_1'
  365 | #define rb_data_object_get_1  rb_data_object_get_warning
      |                               ^
2 warnings generated.
linking shared-object unf_ext.bundle
ld: warning: ignoring duplicate libraries: '-lc++'

current directory: /Users/chiempham/Project/self/chatwoot-custom/chatwoot/''/gems/unf_ext-0.0.8.2/ext/unf_ext
make DESTDIR\= sitearchdir\=./.gem.20250928-9357-8o1zs8 sitelibdir\=./.gem.20250928-9357-8o1zs8 install
/opt/homebrew/bin/ginstall -c -m 0755 unf_ext.bundle ./.gem.20250928-9357-8o1zs8

current directory: /Users/chiempham/Project/self/chatwoot-custom/chatwoot/''/gems/unf_ext-0.0.8.2/ext/unf_ext
make DESTDIR\= sitearchdir\=./.gem.20250928-9357-8o1zs8 sitelibdir\=./.gem.20250928-9357-8o1zs8 clean
