current directory: /Users/chiempham/Project/self/chatwoot-custom/chatwoot/''/gems/oj-3.16.10/ext/oj
/Users/chiempham/.rbenv/versions/3.4.4/bin/ruby extconf.rb
>>>>> Creating Makefile for ruby version 3.4.4 on arm64-darwin24 <<<<<
checking for rb_gc_mark_movable()... yes
checking for stpcpy()... yes
checking for pthread_mutex_init()... yes
checking for getrlimit() in sys/resource.h... yes
checking for rb_enc_interned_str()... yes
checking for rb_ext_ractor_safe() in ruby.h... yes
creating Makefile

current directory: /Users/chiempham/Project/self/chatwoot-custom/chatwoot/''/gems/oj-3.16.10/ext/oj
make DESTDIR\= sitearchdir\=./.gem.20250928-9357-l6ykh0 sitelibdir\=./.gem.20250928-9357-l6ykh0 clean

current directory: /Users/chiempham/Project/self/chatwoot-custom/chatwoot/''/gems/oj-3.16.10/ext/oj
make DESTDIR\= sitearchdir\=./.gem.20250928-9357-l6ykh0 sitelibdir\=./.gem.20250928-9357-l6ykh0
compiling cache.c
compiling cache8.c
compiling circarray.c
compiling code.c
compiling compat.c
compiling custom.c
compiling debug.c
compiling dump.c
compiling dump_compat.c
compiling dump_leaf.c
compiling dump_object.c
compiling dump_strict.c
compiling encoder.c
compiling err.c
compiling fast.c
compiling intern.c
compiling mem.c
compiling mimic_json.c
compiling object.c
compiling odd.c
compiling oj.c
compiling parse.c
compiling parser.c
compiling rails.c
compiling reader.c
compiling resolve.c
compiling rxclass.c
compiling saj.c
compiling saj2.c
compiling scp.c
compiling sparse.c
compiling stream_writer.c
compiling strict.c
compiling string_writer.c
compiling trace.c
compiling usual.c
compiling util.c
compiling val_stack.c
compiling validate.c
compiling wab.c
linking shared-object oj/oj.bundle

current directory: /Users/chiempham/Project/self/chatwoot-custom/chatwoot/''/gems/oj-3.16.10/ext/oj
make DESTDIR\= sitearchdir\=./.gem.20250928-9357-l6ykh0 sitelibdir\=./.gem.20250928-9357-l6ykh0 install
/opt/homebrew/bin/ginstall -c -m 0755 oj.bundle ./.gem.20250928-9357-l6ykh0/oj

current directory: /Users/chiempham/Project/self/chatwoot-custom/chatwoot/''/gems/oj-3.16.10/ext/oj
make DESTDIR\= sitearchdir\=./.gem.20250928-9357-l6ykh0 sitelibdir\=./.gem.20250928-9357-l6ykh0 clean
