current directory: /Users/chiempham/Project/self/chatwoot-custom/chatwoot/''/gems/rbs-3.9.5/ext/rbs_extension
/Users/chiempham/.rbenv/versions/3.4.4/bin/ruby extconf.rb
checking for whether -std=gnu99 is accepted as CFLAGS... yes
creating Makefile

current directory: /Users/chiempham/Project/self/chatwoot-custom/chatwoot/''/gems/rbs-3.9.5/ext/rbs_extension
make DESTDIR\= sitearchdir\=./.gem.20250928-2983-xzdtg2 sitelibdir\=./.gem.20250928-2983-xzdtg2 clean

current directory: /Users/chiempham/Project/self/chatwoot-custom/chatwoot/''/gems/rbs-3.9.5/ext/rbs_extension
make DESTDIR\= sitearchdir\=./.gem.20250928-2983-xzdtg2 sitelibdir\=./.gem.20250928-2983-xzdtg2
compiling ./../../src/constants.c
compiling ./../../src/ruby_objs.c
compiling ./../../src/util/rbs_constant_pool.c
compiling lexer.c
compiling lexstate.c
compiling location.c
compiling main.c
compiling parser.c
compiling parserstate.c
compiling unescape.c
linking shared-object rbs_extension.bundle

current directory: /Users/chiempham/Project/self/chatwoot-custom/chatwoot/''/gems/rbs-3.9.5/ext/rbs_extension
make DESTDIR\= sitearchdir\=./.gem.20250928-2983-xzdtg2 sitelibdir\=./.gem.20250928-2983-xzdtg2 install
/opt/homebrew/bin/ginstall -c -m 0755 rbs_extension.bundle ./.gem.20250928-2983-xzdtg2

current directory: /Users/chiempham/Project/self/chatwoot-custom/chatwoot/''/gems/rbs-3.9.5/ext/rbs_extension
make DESTDIR\= sitearchdir\=./.gem.20250928-2983-xzdtg2 sitelibdir\=./.gem.20250928-2983-xzdtg2 clean
