current directory: /Users/chiempham/Project/self/chatwoot-custom/chatwoot/''/gems/prism-1.5.1/ext/prism
/Users/chiempham/.rbenv/versions/3.4.4/bin/ruby extconf.rb
checking for prism.h in /Users/chiempham/Project/self/chatwoot-custom/chatwoot/''/gems/prism-1.5.1/include... no
*** extconf.rb failed ***
Could not create Makefile due to some reason, probably lack of necessary
libraries and/or headers.  Check the mkmf.log file for more details.  You may
need configuration options.

Provided configuration options:
	--with-opt-dir
	--without-opt-dir
	--with-opt-include=${opt-dir}/include
	--without-opt-include
	--with-opt-lib=${opt-dir}/lib
	--without-opt-lib
	--with-make-prog
	--without-make-prog
	--srcdir=.
	--curdir
	--ruby=/Users/chiempham/.rbenv/versions/3.4.4/bin/$(RUBY_BASE_NAME)
extconf.rb:78:in '<main>': prism.h is required (RuntimeError)

To see why this extension failed to compile, please check the mkmf.log which can be found here:

  /Users/chiempham/Project/self/chatwoot-custom/chatwoot/''/extensions/arm64-darwin-24/3.4.0/prism-1.5.1/mkmf.log

extconf failed, exit code 1
